21:28:23.659 INFO - Selenium build info: version: '3.7.1', revision: '8a0099a'
21:28:23.660 INFO - Launching a standalone Selenium Server
2018-02-01 21:28:23.701:INFO::main: Logging initialized @455ms to org.seleniumhq.jetty9.util.log.StdErrLog
21:28:23.763 INFO - Driver class not found: com.opera.core.systems.OperaDriver
21:28:23.799 INFO - Driver provider class org.openqa.selenium.ie.InternetExplorerDriver registration is skipped:
 registration capabilities Capabilities {browserName: internet explorer, ensureCleanSession: true, platform: WINDOWS, version: } does not match the current platform MAC
21:28:23.799 INFO - Driver provider class org.openqa.selenium.edge.EdgeDriver registration is skipped:
 registration capabilities Capabilities {browserName: MicrosoftEdge, platform: WINDOWS, version: } does not match the current platform MAC
21:28:23.863 INFO - Using the passthrough mode handler
2018-02-01 21:28:23.901:INFO:osjs.Server:main: jetty-9.4.5.v20170502
2018-02-01 21:28:23.926:WARN:osjs.SecurityHandler:main: ServletContext@o.s.j.s.ServletContextHandler@fa36558{/,null,STARTING} has uncovered http methods for path: /
2018-02-01 21:28:23.931:INFO:osjsh.ContextHandler:main: Started o.s.j.s.ServletContextHandler@fa36558{/,null,AVAILABLE}
2018-02-01 21:28:23.964:INFO:osjs.AbstractConnector:main: Started ServerConnector@34f5090e{HTTP/1.1,[http/1.1]}{0.0.0.0:4445}
2018-02-01 21:28:23.964:INFO:osjs.Server:main: Started @718ms
21:28:23.964 INFO - Selenium Server is up and running
2018-02-01 21:28:24.189:INFO:osjshC.ROOT:qtp1579526446-12: org.openqa.selenium.remote.server.WebDriverServlet-6a78afa0: Initialising WebDriverServlet
21:28:24.237 INFO - Found handler: org.openqa.selenium.remote.server.commandhandler.BeginSession@21f27f0a
21:28:24.242 INFO - /session: Executing POST on /session (handler: BeginSession)
21:28:24.313 INFO - Capabilities are: Capabilities {acceptSslCerts: true, browserName: chrome, javascriptEnabled: true, name: Jake Tests}
21:28:24.316 INFO - Capabilities {acceptSslCerts: true, browserName: chrome, javascriptEnabled: true, name: Jake Tests} matched class org.openqa.selenium.remote.server.ServicedSession$Factory (provider: org.openqa.selenium.chrome.ChromeDriverService)
Starting ChromeDriver 2.33.506106 (8a06c39c4582fbfbab6966dbb1c38a9173bfb1a2) on port 24611
Only local connections are allowed.
21:28:25.447 INFO - Detected dialect: OSS
21:28:25.994 INFO - Found handler: org.openqa.selenium.remote.server.ServicedSession@25af6311
21:28:25.995 INFO - Handler thread for session 7959f1f8bef6d6cd67923810ddcb04aa (chrome): Executing POST on /session/7959f1f8bef6d6cd67923810ddcb04aa/url (handler: ServicedSession)
21:28:25.998 INFO - To upstream: {"url":"https://clip.mx/us/"}
21:28:30.650 INFO - To downstream: {"sessionId":"7959f1f8bef6d6cd67923810ddcb04aa","status":0,"value":null}
21:28:30.657 INFO - Found handler: org.openqa.selenium.remote.server.ServicedSession@25af6311
21:28:30.658 INFO - Handler thread for session 7959f1f8bef6d6cd67923810ddcb04aa (chrome): Executing POST on /session/7959f1f8bef6d6cd67923810ddcb04aa/elements (handler: ServicedSession)
21:28:30.659 INFO - To upstream: {"using":"css selector","value":"body"}
21:28:30.674 INFO - To downstream: {"sessionId":"7959f1f8bef6d6cd67923810ddcb04aa","status":0,"value":[{"ELEMENT":"0.8108107142046848-1"}]}
21:28:30.679 INFO - Found handler: org.openqa.selenium.remote.server.ServicedSession@25af6311
21:28:30.679 INFO - Handler thread for session 7959f1f8bef6d6cd67923810ddcb04aa (chrome): Executing GET on /session/7959f1f8bef6d6cd67923810ddcb04aa/element/0.8108107142046848-1/displayed (handler: ServicedSession)
21:28:30.692 INFO - To downstream: {"sessionId":"7959f1f8bef6d6cd67923810ddcb04aa","status":0,"value":true}
21:28:30.697 INFO - Found handler: org.openqa.selenium.remote.server.ServicedSession@25af6311
21:28:30.698 INFO - Handler thread for session 7959f1f8bef6d6cd67923810ddcb04aa (chrome): Executing POST on /session/7959f1f8bef6d6cd67923810ddcb04aa/element (handler: ServicedSession)
21:28:30.699 INFO - To upstream: {"using":"css selector","value":"div[class=\"contact-information\"]"}
21:28:30.717 INFO - To downstream: {"sessionId":"7959f1f8bef6d6cd67923810ddcb04aa","status":0,"value":{"ELEMENT":"0.8108107142046848-2"}}
21:28:30.722 INFO - Found handler: org.openqa.selenium.remote.server.ServicedSession@25af6311
21:28:30.722 INFO - Handler thread for session 7959f1f8bef6d6cd67923810ddcb04aa (chrome): Executing POST on /session/7959f1f8bef6d6cd67923810ddcb04aa/element/0.8108107142046848-2/click (handler: ServicedSession)
21:28:30.724 INFO - To upstream: 
21:28:30.744 INFO - To downstream: {"sessionId":"7959f1f8bef6d6cd67923810ddcb04aa","status":11,"value":{"message":"element not visible\n  (Session info: chrome=63.0.3239.132)\n  (Driver info: chromedriver=2.33.506106 (8a06c39c4582fbfbab6966dbb1c38a9173bfb1a2),platform=Mac OS X 10.13.4 x86_64)"}}
21:28:30.749 INFO - Found handler: org.openqa.selenium.remote.server.ServicedSession@25af6311
21:28:30.749 INFO - Handler thread for session 7959f1f8bef6d6cd67923810ddcb04aa (chrome): Executing POST on /session/7959f1f8bef6d6cd67923810ddcb04aa/elements (handler: ServicedSession)
21:28:30.750 INFO - To upstream: {"using":"css selector","value":"body"}
21:28:30.758 INFO - To downstream: {"sessionId":"7959f1f8bef6d6cd67923810ddcb04aa","status":0,"value":[{"ELEMENT":"0.8108107142046848-1"}]}
21:28:30.762 INFO - Found handler: org.openqa.selenium.remote.server.ServicedSession@25af6311
21:28:30.762 INFO - Handler thread for session 7959f1f8bef6d6cd67923810ddcb04aa (chrome): Executing GET on /session/7959f1f8bef6d6cd67923810ddcb04aa/element/0.8108107142046848-1/displayed (handler: ServicedSession)
21:28:30.769 INFO - To downstream: {"sessionId":"7959f1f8bef6d6cd67923810ddcb04aa","status":0,"value":true}
21:28:30.773 INFO - Found handler: org.openqa.selenium.remote.server.ServicedSession@25af6311
21:28:30.774 INFO - Handler thread for session 7959f1f8bef6d6cd67923810ddcb04aa (chrome): Executing POST on /session/7959f1f8bef6d6cd67923810ddcb04aa/element (handler: ServicedSession)
21:28:30.775 INFO - To upstream: {"using":"css selector","value":"a[href=\"https://clip.mx/us/ayuda\"]"}
21:28:30.793 INFO - To downstream: {"sessionId":"7959f1f8bef6d6cd67923810ddcb04aa","status":0,"value":{"ELEMENT":"0.8108107142046848-3"}}
21:28:30.798 INFO - Found handler: org.openqa.selenium.remote.server.ServicedSession@25af6311
21:28:30.798 INFO - Handler thread for session 7959f1f8bef6d6cd67923810ddcb04aa (chrome): Executing POST on /session/7959f1f8bef6d6cd67923810ddcb04aa/element/0.8108107142046848-3/click (handler: ServicedSession)
21:28:30.800 INFO - To upstream: 
21:28:30.845 INFO - To downstream: {"sessionId":"7959f1f8bef6d6cd67923810ddcb04aa","status":13,"value":{"message":"unknown error: Element \u003Ca href=\"https://clip.mx/us/ayuda\">...\u003C/a> is not clickable at point (994, 731). Other element would receive the click: \u003Ciframe frameborder=\"0\" src=\"about:blank\" style=\"background-color: transparent; vertical-align: text-bottom; position: relative; width: 100%; height: 100%; min-width: 100%; min-height: 100%; max-width: 100%; max-height: 100%; margin: 0px; overflow: hidden; display: block;\" data-test-id=\"ChatWidgetButton-iframe\">\u003C/iframe>\n  (Session info: chrome=63.0.3239.132)\n  (Driver info: chromedriver=2.33.506106 (8a06c39c4582fbfbab6966dbb1c38a9173bfb1a2),platform=Mac OS X 10.13.4 x86_64)"}}
21:28:30.849 INFO - Found handler: org.openqa.selenium.remote.server.ServicedSession@25af6311
21:28:30.849 INFO - Handler thread for session 7959f1f8bef6d6cd67923810ddcb04aa (chrome): Executing POST on /session/7959f1f8bef6d6cd67923810ddcb04aa/elements (handler: ServicedSession)
21:28:30.851 INFO - To upstream: {"using":"css selector","value":"body"}
21:28:30.862 INFO - To downstream: {"sessionId":"7959f1f8bef6d6cd67923810ddcb04aa","status":0,"value":[{"ELEMENT":"0.8108107142046848-1"}]}
21:28:30.866 INFO - Found handler: org.openqa.selenium.remote.server.ServicedSession@25af6311
21:28:30.866 INFO - Handler thread for session 7959f1f8bef6d6cd67923810ddcb04aa (chrome): Executing GET on /session/7959f1f8bef6d6cd67923810ddcb04aa/element/0.8108107142046848-1/displayed (handler: ServicedSession)
21:28:30.876 INFO - To downstream: {"sessionId":"7959f1f8bef6d6cd67923810ddcb04aa","status":0,"value":true}
21:28:30.880 INFO - Found handler: org.openqa.selenium.remote.server.ServicedSession@25af6311
21:28:30.881 INFO - Handler thread for session 7959f1f8bef6d6cd67923810ddcb04aa (chrome): Executing POST on /session/7959f1f8bef6d6cd67923810ddcb04aa/element (handler: ServicedSession)
21:28:30.883 INFO - To upstream: {"using":"css selector","value":"a[href=\"https://dashboard.clip.mx/us/users/sign_in\"]"}
21:28:30.901 INFO - To downstream: {"sessionId":"7959f1f8bef6d6cd67923810ddcb04aa","status":0,"value":{"ELEMENT":"0.8108107142046848-4"}}
21:28:30.905 INFO - Found handler: org.openqa.selenium.remote.server.ServicedSession@25af6311
21:28:30.905 INFO - Handler thread for session 7959f1f8bef6d6cd67923810ddcb04aa (chrome): Executing POST on /session/7959f1f8bef6d6cd67923810ddcb04aa/element/0.8108107142046848-4/click (handler: ServicedSession)
21:28:30.906 INFO - To upstream: 
21:28:30.924 INFO - To downstream: {"sessionId":"7959f1f8bef6d6cd67923810ddcb04aa","status":11,"value":{"message":"element not visible\n  (Session info: chrome=63.0.3239.132)\n  (Driver info: chromedriver=2.33.506106 (8a06c39c4582fbfbab6966dbb1c38a9173bfb1a2),platform=Mac OS X 10.13.4 x86_64)"}}
21:28:30.928 INFO - Found handler: org.openqa.selenium.remote.server.ServicedSession@25af6311
21:28:30.928 INFO - Handler thread for session 7959f1f8bef6d6cd67923810ddcb04aa (chrome): Executing POST on /session/7959f1f8bef6d6cd67923810ddcb04aa/elements (handler: ServicedSession)
21:28:30.930 INFO - To upstream: {"using":"css selector","value":"body"}
21:28:30.938 INFO - To downstream: {"sessionId":"7959f1f8bef6d6cd67923810ddcb04aa","status":0,"value":[{"ELEMENT":"0.8108107142046848-1"}]}
21:28:30.941 INFO - Found handler: org.openqa.selenium.remote.server.ServicedSession@25af6311
21:28:30.941 INFO - Handler thread for session 7959f1f8bef6d6cd67923810ddcb04aa (chrome): Executing GET on /session/7959f1f8bef6d6cd67923810ddcb04aa/element/0.8108107142046848-1/displayed (handler: ServicedSession)
21:28:30.948 INFO - To downstream: {"sessionId":"7959f1f8bef6d6cd67923810ddcb04aa","status":0,"value":true}
21:28:30.952 INFO - Found handler: org.openqa.selenium.remote.server.ServicedSession@25af6311
21:28:30.952 INFO - Handler thread for session 7959f1f8bef6d6cd67923810ddcb04aa (chrome): Executing POST on /session/7959f1f8bef6d6cd67923810ddcb04aa/element (handler: ServicedSession)
21:28:30.954 INFO - To upstream: {"using":"css selector","value":"a[id=\"button_header_shop\"]"}
21:28:30.971 INFO - To downstream: {"sessionId":"7959f1f8bef6d6cd67923810ddcb04aa","status":0,"value":{"ELEMENT":"0.8108107142046848-5"}}
21:28:30.974 INFO - Found handler: org.openqa.selenium.remote.server.ServicedSession@25af6311
21:28:30.974 INFO - Handler thread for session 7959f1f8bef6d6cd67923810ddcb04aa (chrome): Executing POST on /session/7959f1f8bef6d6cd67923810ddcb04aa/element/0.8108107142046848-5/click (handler: ServicedSession)
21:28:30.975 INFO - To upstream: 
21:28:35.466 INFO - To downstream: {"sessionId":"7959f1f8bef6d6cd67923810ddcb04aa","status":0,"value":null}
21:28:35.470 INFO - Found handler: org.openqa.selenium.remote.server.ServicedSession@25af6311
21:28:35.470 INFO - Handler thread for session 7959f1f8bef6d6cd67923810ddcb04aa (chrome): Executing POST on /session/7959f1f8bef6d6cd67923810ddcb04aa/elements (handler: ServicedSession)
21:28:35.471 INFO - To upstream: {"using":"css selector","value":"body"}
21:28:35.480 INFO - To downstream: {"sessionId":"7959f1f8bef6d6cd67923810ddcb04aa","status":0,"value":[{"ELEMENT":"0.5791564346097047-1"}]}
21:28:35.484 INFO - Found handler: org.openqa.selenium.remote.server.ServicedSession@25af6311
21:28:35.485 INFO - Handler thread for session 7959f1f8bef6d6cd67923810ddcb04aa (chrome): Executing GET on /session/7959f1f8bef6d6cd67923810ddcb04aa/element/0.5791564346097047-1/displayed (handler: ServicedSession)
21:28:35.498 INFO - To downstream: {"sessionId":"7959f1f8bef6d6cd67923810ddcb04aa","status":0,"value":true}
21:28:35.502 INFO - Found handler: org.openqa.selenium.remote.server.ServicedSession@25af6311
21:28:35.502 INFO - Handler thread for session 7959f1f8bef6d6cd67923810ddcb04aa (chrome): Executing POST on /session/7959f1f8bef6d6cd67923810ddcb04aa/element (handler: ServicedSession)
21:28:35.504 INFO - To upstream: {"using":"css selector","value":"a[href=\"https://clip.mx/\"]"}
21:28:35.522 INFO - To downstream: {"sessionId":"7959f1f8bef6d6cd67923810ddcb04aa","status":0,"value":{"ELEMENT":"0.5791564346097047-2"}}
21:28:35.525 INFO - Found handler: org.openqa.selenium.remote.server.ServicedSession@25af6311
21:28:35.526 INFO - Handler thread for session 7959f1f8bef6d6cd67923810ddcb04aa (chrome): Executing POST on /session/7959f1f8bef6d6cd67923810ddcb04aa/element/0.5791564346097047-2/click (handler: ServicedSession)
21:28:35.527 INFO - To upstream: 
21:28:36.642 INFO - To downstream: {"sessionId":"7959f1f8bef6d6cd67923810ddcb04aa","status":0,"value":null}
21:28:36.649 INFO - Found handler: org.openqa.selenium.remote.server.ServicedSession@25af6311
21:28:36.649 INFO - Handler thread for session 7959f1f8bef6d6cd67923810ddcb04aa (chrome): Executing POST on /session/7959f1f8bef6d6cd67923810ddcb04aa/url (handler: ServicedSession)
21:28:36.651 INFO - To upstream: {"url":"https://clip.mx/us/"}
21:28:37.397 INFO - To downstream: {"sessionId":"7959f1f8bef6d6cd67923810ddcb04aa","status":0,"value":null}
21:28:37.401 INFO - Found handler: org.openqa.selenium.remote.server.ServicedSession@25af6311
21:28:37.401 INFO - Handler thread for session 7959f1f8bef6d6cd67923810ddcb04aa (chrome): Executing POST on /session/7959f1f8bef6d6cd67923810ddcb04aa/elements (handler: ServicedSession)
21:28:37.402 INFO - To upstream: {"using":"css selector","value":"body"}
21:28:37.411 INFO - To downstream: {"sessionId":"7959f1f8bef6d6cd67923810ddcb04aa","status":0,"value":[{"ELEMENT":"0.6068930803431567-1"}]}
21:28:37.413 INFO - Found handler: org.openqa.selenium.remote.server.ServicedSession@25af6311
21:28:37.414 INFO - Handler thread for session 7959f1f8bef6d6cd67923810ddcb04aa (chrome): Executing GET on /session/7959f1f8bef6d6cd67923810ddcb04aa/element/0.6068930803431567-1/displayed (handler: ServicedSession)
21:28:37.427 INFO - To downstream: {"sessionId":"7959f1f8bef6d6cd67923810ddcb04aa","status":0,"value":true}
21:28:37.431 INFO - Found handler: org.openqa.selenium.remote.server.ServicedSession@25af6311
21:28:37.431 INFO - Handler thread for session 7959f1f8bef6d6cd67923810ddcb04aa (chrome): Executing POST on /session/7959f1f8bef6d6cd67923810ddcb04aa/element (handler: ServicedSession)
21:28:37.433 INFO - To upstream: {"using":"css selector","value":"a[id=\"button_hero_shop\"]"}
21:28:37.451 INFO - To downstream: {"sessionId":"7959f1f8bef6d6cd67923810ddcb04aa","status":0,"value":{"ELEMENT":"0.6068930803431567-2"}}
21:28:37.454 INFO - Found handler: org.openqa.selenium.remote.server.ServicedSession@25af6311
21:28:37.454 INFO - Handler thread for session 7959f1f8bef6d6cd67923810ddcb04aa (chrome): Executing POST on /session/7959f1f8bef6d6cd67923810ddcb04aa/element/0.6068930803431567-2/click (handler: ServicedSession)
21:28:37.455 INFO - To upstream: 
21:28:40.043 INFO - To downstream: {"sessionId":"7959f1f8bef6d6cd67923810ddcb04aa","status":0,"value":null}
21:28:40.047 INFO - Found handler: org.openqa.selenium.remote.server.ServicedSession@25af6311
21:28:40.047 INFO - Handler thread for session 7959f1f8bef6d6cd67923810ddcb04aa (chrome): Executing POST on /session/7959f1f8bef6d6cd67923810ddcb04aa/elements (handler: ServicedSession)
21:28:40.050 INFO - To upstream: {"using":"css selector","value":"body"}
21:28:40.059 INFO - To downstream: {"sessionId":"7959f1f8bef6d6cd67923810ddcb04aa","status":0,"value":[{"ELEMENT":"0.3233143025597667-1"}]}
21:28:40.062 INFO - Found handler: org.openqa.selenium.remote.server.ServicedSession@25af6311
21:28:40.062 INFO - Handler thread for session 7959f1f8bef6d6cd67923810ddcb04aa (chrome): Executing GET on /session/7959f1f8bef6d6cd67923810ddcb04aa/element/0.3233143025597667-1/displayed (handler: ServicedSession)
21:28:40.074 INFO - To downstream: {"sessionId":"7959f1f8bef6d6cd67923810ddcb04aa","status":0,"value":true}
21:28:40.078 INFO - Found handler: org.openqa.selenium.remote.server.ServicedSession@25af6311
21:28:40.078 INFO - Handler thread for session 7959f1f8bef6d6cd67923810ddcb04aa (chrome): Executing POST on /session/7959f1f8bef6d6cd67923810ddcb04aa/element (handler: ServicedSession)
21:28:40.080 INFO - To upstream: {"using":"css selector","value":"a[id=\"button_hero\"]"}
21:28:40.099 INFO - To downstream: {"sessionId":"7959f1f8bef6d6cd67923810ddcb04aa","status":7,"value":{"message":"no such element: Unable to locate element: {\"method\":\"css selector\",\"selector\":\"a[id=\"button_hero\"]\"}\n  (Session info: chrome=63.0.3239.132)\n  (Driver info: chromedriver=2.33.506106 (8a06c39c4582fbfbab6966dbb1c38a9173bfb1a2),platform=Mac OS X 10.13.4 x86_64)"}}
21:28:40.106 INFO - Found handler: org.openqa.selenium.remote.server.ServicedSession@25af6311
21:28:40.106 INFO - Handler thread for session 7959f1f8bef6d6cd67923810ddcb04aa (chrome): Executing POST on /session/7959f1f8bef6d6cd67923810ddcb04aa/url (handler: ServicedSession)
21:28:40.108 INFO - To upstream: {"url":"https://clip.mx/us/"}
21:28:41.061 INFO - To downstream: {"sessionId":"7959f1f8bef6d6cd67923810ddcb04aa","status":0,"value":null}
21:28:41.065 INFO - Found handler: org.openqa.selenium.remote.server.ServicedSession@25af6311
21:28:41.065 INFO - Handler thread for session 7959f1f8bef6d6cd67923810ddcb04aa (chrome): Executing POST on /session/7959f1f8bef6d6cd67923810ddcb04aa/elements (handler: ServicedSession)
21:28:41.066 INFO - To upstream: {"using":"css selector","value":"body"}
21:28:41.075 INFO - To downstream: {"sessionId":"7959f1f8bef6d6cd67923810ddcb04aa","status":0,"value":[{"ELEMENT":"0.9157263538534035-1"}]}
21:28:41.078 INFO - Found handler: org.openqa.selenium.remote.server.ServicedSession@25af6311
21:28:41.079 INFO - Handler thread for session 7959f1f8bef6d6cd67923810ddcb04aa (chrome): Executing GET on /session/7959f1f8bef6d6cd67923810ddcb04aa/element/0.9157263538534035-1/displayed (handler: ServicedSession)
21:28:41.092 INFO - To downstream: {"sessionId":"7959f1f8bef6d6cd67923810ddcb04aa","status":0,"value":true}
21:28:41.096 INFO - Found handler: org.openqa.selenium.remote.server.ServicedSession@25af6311
21:28:41.096 INFO - Handler thread for session 7959f1f8bef6d6cd67923810ddcb04aa (chrome): Executing POST on /session/7959f1f8bef6d6cd67923810ddcb04aa/element (handler: ServicedSession)
21:28:41.098 INFO - To upstream: {"using":"css selector","value":"a[id=\"button_benefits_shop\"]"}
21:28:41.233 INFO - To downstream: {"sessionId":"7959f1f8bef6d6cd67923810ddcb04aa","status":0,"value":{"ELEMENT":"0.9157263538534035-2"}}
21:28:41.237 INFO - Found handler: org.openqa.selenium.remote.server.ServicedSession@25af6311
21:28:41.237 INFO - Handler thread for session 7959f1f8bef6d6cd67923810ddcb04aa (chrome): Executing POST on /session/7959f1f8bef6d6cd67923810ddcb04aa/element/0.9157263538534035-2/click (handler: ServicedSession)
21:28:41.238 INFO - To upstream: 
21:28:43.538 INFO - To downstream: {"sessionId":"7959f1f8bef6d6cd67923810ddcb04aa","status":0,"value":null}
21:28:43.543 INFO - Found handler: org.openqa.selenium.remote.server.ServicedSession@25af6311
21:28:43.543 INFO - Handler thread for session 7959f1f8bef6d6cd67923810ddcb04aa (chrome): Executing POST on /session/7959f1f8bef6d6cd67923810ddcb04aa/elements (handler: ServicedSession)
21:28:43.545 INFO - To upstream: {"using":"css selector","value":"body"}
21:28:43.553 INFO - To downstream: {"sessionId":"7959f1f8bef6d6cd67923810ddcb04aa","status":0,"value":[{"ELEMENT":"0.9780841898740835-1"}]}
21:28:43.556 INFO - Found handler: org.openqa.selenium.remote.server.ServicedSession@25af6311
21:28:43.557 INFO - Handler thread for session 7959f1f8bef6d6cd67923810ddcb04aa (chrome): Executing GET on /session/7959f1f8bef6d6cd67923810ddcb04aa/element/0.9780841898740835-1/displayed (handler: ServicedSession)
21:28:43.571 INFO - To downstream: {"sessionId":"7959f1f8bef6d6cd67923810ddcb04aa","status":0,"value":true}
21:28:43.575 INFO - Found handler: org.openqa.selenium.remote.server.ServicedSession@25af6311
21:28:43.575 INFO - Handler thread for session 7959f1f8bef6d6cd67923810ddcb04aa (chrome): Executing POST on /session/7959f1f8bef6d6cd67923810ddcb04aa/element (handler: ServicedSession)
21:28:43.577 INFO - To upstream: {"using":"css selector","value":"a[href=\"https://clip.mx/us/dispositivos/\"]"}
21:28:43.601 INFO - To downstream: {"sessionId":"7959f1f8bef6d6cd67923810ddcb04aa","status":7,"value":{"message":"no such element: Unable to locate element: {\"method\":\"css selector\",\"selector\":\"a[href=\"https://clip.mx/us/dispositivos/\"]\"}\n  (Session info: chrome=63.0.3239.132)\n  (Driver info: chromedriver=2.33.506106 (8a06c39c4582fbfbab6966dbb1c38a9173bfb1a2),platform=Mac OS X 10.13.4 x86_64)"}}
21:28:43.607 INFO - Found handler: org.openqa.selenium.remote.server.ServicedSession@25af6311
21:28:43.608 INFO - Handler thread for session 7959f1f8bef6d6cd67923810ddcb04aa (chrome): Executing POST on /session/7959f1f8bef6d6cd67923810ddcb04aa/elements (handler: ServicedSession)
21:28:43.610 INFO - To upstream: {"using":"css selector","value":"body"}
21:28:43.618 INFO - To downstream: {"sessionId":"7959f1f8bef6d6cd67923810ddcb04aa","status":0,"value":[{"ELEMENT":"0.9780841898740835-1"}]}
21:28:43.622 INFO - Found handler: org.openqa.selenium.remote.server.ServicedSession@25af6311
21:28:43.622 INFO - Handler thread for session 7959f1f8bef6d6cd67923810ddcb04aa (chrome): Executing GET on /session/7959f1f8bef6d6cd67923810ddcb04aa/element/0.9780841898740835-1/displayed (handler: ServicedSession)
21:28:43.631 INFO - To downstream: {"sessionId":"7959f1f8bef6d6cd67923810ddcb04aa","status":0,"value":true}
21:28:43.635 INFO - Found handler: org.openqa.selenium.remote.server.ServicedSession@25af6311
21:28:43.636 INFO - Handler thread for session 7959f1f8bef6d6cd67923810ddcb04aa (chrome): Executing POST on /session/7959f1f8bef6d6cd67923810ddcb04aa/element (handler: ServicedSession)
21:28:43.637 INFO - To upstream: {"using":"css selector","value":"a[href=\"https://clip.mx/us/mensualidades/\"]"}
21:28:43.654 INFO - To downstream: {"sessionId":"7959f1f8bef6d6cd67923810ddcb04aa","status":7,"value":{"message":"no such element: Unable to locate element: {\"method\":\"css selector\",\"selector\":\"a[href=\"https://clip.mx/us/mensualidades/\"]\"}\n  (Session info: chrome=63.0.3239.132)\n  (Driver info: chromedriver=2.33.506106 (8a06c39c4582fbfbab6966dbb1c38a9173bfb1a2),platform=Mac OS X 10.13.4 x86_64)"}}
21:28:43.657 INFO - Found handler: org.openqa.selenium.remote.server.ServicedSession@25af6311
21:28:43.658 INFO - Handler thread for session 7959f1f8bef6d6cd67923810ddcb04aa (chrome): Executing POST on /session/7959f1f8bef6d6cd67923810ddcb04aa/elements (handler: ServicedSession)
21:28:43.660 INFO - To upstream: {"using":"css selector","value":"body"}
21:28:43.671 INFO - To downstream: {"sessionId":"7959f1f8bef6d6cd67923810ddcb04aa","status":0,"value":[{"ELEMENT":"0.9780841898740835-1"}]}
21:28:43.675 INFO - Found handler: org.openqa.selenium.remote.server.ServicedSession@25af6311
21:28:43.675 INFO - Handler thread for session 7959f1f8bef6d6cd67923810ddcb04aa (chrome): Executing GET on /session/7959f1f8bef6d6cd67923810ddcb04aa/element/0.9780841898740835-1/displayed (handler: ServicedSession)
21:28:43.684 INFO - To downstream: {"sessionId":"7959f1f8bef6d6cd67923810ddcb04aa","status":0,"value":true}
21:28:43.687 INFO - Found handler: org.openqa.selenium.remote.server.ServicedSession@25af6311
21:28:43.687 INFO - Handler thread for session 7959f1f8bef6d6cd67923810ddcb04aa (chrome): Executing POST on /session/7959f1f8bef6d6cd67923810ddcb04aa/element (handler: ServicedSession)
21:28:43.689 INFO - To upstream: {"using":"css selector","value":"a[href=\"#\"]"}
21:28:43.705 INFO - To downstream: {"sessionId":"7959f1f8bef6d6cd67923810ddcb04aa","status":0,"value":{"ELEMENT":"0.9780841898740835-2"}}
21:28:43.709 INFO - Found handler: org.openqa.selenium.remote.server.ServicedSession@25af6311
21:28:43.709 INFO - Handler thread for session 7959f1f8bef6d6cd67923810ddcb04aa (chrome): Executing POST on /session/7959f1f8bef6d6cd67923810ddcb04aa/element/0.9780841898740835-2/click (handler: ServicedSession)
21:28:43.711 INFO - To upstream: 
21:28:43.779 INFO - To downstream: {"sessionId":"7959f1f8bef6d6cd67923810ddcb04aa","status":0,"value":null}
21:28:43.783 INFO - Found handler: org.openqa.selenium.remote.server.ServicedSession@25af6311
21:28:43.783 INFO - Handler thread for session 7959f1f8bef6d6cd67923810ddcb04aa (chrome): Executing POST on /session/7959f1f8bef6d6cd67923810ddcb04aa/elements (handler: ServicedSession)
21:28:43.785 INFO - To upstream: {"using":"css selector","value":"body"}
21:28:43.792 INFO - To downstream: {"sessionId":"7959f1f8bef6d6cd67923810ddcb04aa","status":0,"value":[{"ELEMENT":"0.9780841898740835-1"}]}
21:28:43.796 INFO - Found handler: org.openqa.selenium.remote.server.ServicedSession@25af6311
21:28:43.796 INFO - Handler thread for session 7959f1f8bef6d6cd67923810ddcb04aa (chrome): Executing GET on /session/7959f1f8bef6d6cd67923810ddcb04aa/element/0.9780841898740835-1/displayed (handler: ServicedSession)
21:28:43.803 INFO - To downstream: {"sessionId":"7959f1f8bef6d6cd67923810ddcb04aa","status":0,"value":true}
21:28:43.807 INFO - Found handler: org.openqa.selenium.remote.server.ServicedSession@25af6311
21:28:43.807 INFO - Handler thread for session 7959f1f8bef6d6cd67923810ddcb04aa (chrome): Executing POST on /session/7959f1f8bef6d6cd67923810ddcb04aa/element (handler: ServicedSession)
21:28:43.809 INFO - To upstream: {"using":"css selector","value":"a[href=\"https://clip.mx/us/seguridad/\"]"}
21:28:43.823 INFO - To downstream: {"sessionId":"7959f1f8bef6d6cd67923810ddcb04aa","status":7,"value":{"message":"no such element: Unable to locate element: {\"method\":\"css selector\",\"selector\":\"a[href=\"https://clip.mx/us/seguridad/\"]\"}\n  (Session info: chrome=63.0.3239.132)\n  (Driver info: chromedriver=2.33.506106 (8a06c39c4582fbfbab6966dbb1c38a9173bfb1a2),platform=Mac OS X 10.13.4 x86_64)"}}
21:28:43.830 INFO - Found handler: org.openqa.selenium.remote.server.ServicedSession@25af6311
21:28:43.831 INFO - Handler thread for session 7959f1f8bef6d6cd67923810ddcb04aa (chrome): Executing DELETE on /session/7959f1f8bef6d6cd67923810ddcb04aa (handler: ServicedSession)
21:28:43.884 INFO - To downstream: {"sessionId":"7959f1f8bef6d6cd67923810ddcb04aa","status":0,"value":null}
21:28:43.889 INFO - Removing session org.openqa.selenium.remote.server.ServicedSession@25af6311
